[0.298s] Invoking command in '/ws/ros2_ws/build/day1_pubsub': PYTHONPATH=/ws/ros2_ws/build/day1_pubsub/prefix_override:/usr/lib/python3/dist-packages/colcon_core/task/python/colcon_distutils_commands:/ws/ros2_ws/install/day1_pubsub/lib/python3.10/site-packages:${PYTHONPATH} /usr/bin/python3 -W ignore:setup.py install is deprecated -W ignore:easy_install command is deprecated setup.py develop --editable --build-directory /ws/ros2_ws/build/day1_pubsub/build --no-deps symlink_data --force
[0.394s] running develop
[0.443s] running egg_info
[0.443s] writing day1_pubsub.egg-info/PKG-INFO
[0.444s] writing dependency_links to day1_pubsub.egg-info/dependency_links.txt
[0.444s] writing entry points to day1_pubsub.egg-info/entry_points.txt
[0.445s] writing requirements to day1_pubsub.egg-info/requires.txt
[0.445s] writing top-level names to day1_pubsub.egg-info/top_level.txt
[0.447s] reading manifest file 'day1_pubsub.egg-info/SOURCES.txt'
[0.449s] writing manifest file 'day1_pubsub.egg-info/SOURCES.txt'
[0.450s] running build_ext
[0.450s] Creating /ws/ros2_ws/install/day1_pubsub/lib/python3.10/site-packages/day1-pubsub.egg-link (link to .)
[0.452s] Installing listener script to /ws/ros2_ws/install/day1_pubsub/lib/day1_pubsub
[0.452s] Installing talker script to /ws/ros2_ws/install/day1_pubsub/lib/day1_pubsub
[0.453s] 
[0.453s] Installed /ws/ros2_ws/build/day1_pubsub
[0.453s] running symlink_data
[0.454s] symbolically linking /ws/ros2_ws/build/day1_pubsub/resource/day1_pubsub -> /ws/ros2_ws/install/day1_pubsub/share/ament_index/resource_index/packages
[0.456s] symbolically linking /ws/ros2_ws/build/day1_pubsub/package.xml -> /ws/ros2_ws/install/day1_pubsub/share/day1_pubsub
[0.469s] Invoked command in '/ws/ros2_ws/build/day1_pubsub' returned '0': PYTHONPATH=/ws/ros2_ws/build/day1_pubsub/prefix_override:/usr/lib/python3/dist-packages/colcon_core/task/python/colcon_distutils_commands:/ws/ros2_ws/install/day1_pubsub/lib/python3.10/site-packages:${PYTHONPATH} /usr/bin/python3 -W ignore:setup.py install is deprecated -W ignore:easy_install command is deprecated setup.py develop --editable --build-directory /ws/ros2_ws/build/day1_pubsub/build --no-deps symlink_data --force
