[0.302s] Invoking command in '/ws/ros2_ws/build/day2_multimodal': PYTHONPATH=/ws/ros2_ws/build/day2_multimodal/prefix_override:/usr/lib/python3/dist-packages/colcon_core/task/python/colcon_distutils_commands:/ws/ros2_ws/install/day2_multimodal/lib/python3.10/site-packages:${PYTHONPATH} /usr/bin/python3 -W ignore:setup.py install is deprecated -W ignore:easy_install command is deprecated setup.py develop --editable --build-directory /ws/ros2_ws/build/day2_multimodal/build --no-deps symlink_data --force
[0.378s] running develop
[0.411s] running egg_info
[0.412s] writing day2_multimodal.egg-info/PKG-INFO
[0.412s] writing dependency_links to day2_multimodal.egg-info/dependency_links.txt
[0.412s] writing entry points to day2_multimodal.egg-info/entry_points.txt
[0.412s] writing requirements to day2_multimodal.egg-info/requires.txt
[0.413s] writing top-level names to day2_multimodal.egg-info/top_level.txt
[0.415s] reading manifest file 'day2_multimodal.egg-info/SOURCES.txt'
[0.417s] writing manifest file 'day2_multimodal.egg-info/SOURCES.txt'
[0.417s] running build_ext
[0.418s] Creating /ws/ros2_ws/install/day2_multimodal/lib/python3.10/site-packages/day2-multimodal.egg-link (link to .)
[0.419s] Installing camera_pub script to /ws/ros2_ws/install/day2_multimodal/lib/day2_multimodal
[0.420s] Installing kinematics_pub script to /ws/ros2_ws/install/day2_multimodal/lib/day2_multimodal
[0.421s] Installing sync_monitor script to /ws/ros2_ws/install/day2_multimodal/lib/day2_multimodal
[0.422s] 
[0.422s] Installed /ws/ros2_ws/build/day2_multimodal
[0.423s] running symlink_data
[0.424s] symbolically linking /ws/ros2_ws/build/day2_multimodal/resource/day2_multimodal -> /ws/ros2_ws/install/day2_multimodal/share/ament_index/resource_index/packages
[0.424s] symbolically linking /ws/ros2_ws/build/day2_multimodal/package.xml -> /ws/ros2_ws/install/day2_multimodal/share/day2_multimodal
[0.434s] Invoked command in '/ws/ros2_ws/build/day2_multimodal' returned '0': PYTHONPATH=/ws/ros2_ws/build/day2_multimodal/prefix_override:/usr/lib/python3/dist-packages/colcon_core/task/python/colcon_distutils_commands:/ws/ros2_ws/install/day2_multimodal/lib/python3.10/site-packages:${PYTHONPATH} /usr/bin/python3 -W ignore:setup.py install is deprecated -W ignore:easy_install command is deprecated setup.py develop --editable --build-directory /ws/ros2_ws/build/day2_multimodal/build --no-deps symlink_data --force
