[0.301s] Invoking command in '/ws/ros2_ws/src/day1_pubsub': PYTHONPATH=/ws/ros2_ws/src/build/day1_pubsub/prefix_override:/usr/lib/python3/dist-packages/colcon_core/task/python/colcon_distutils_commands:/ws/ros2_ws/src/install/day1_pubsub/lib/python3.10/site-packages:${PYTHONPATH} /usr/bin/python3 -W ignore:setup.py install is deprecated -W ignore:easy_install command is deprecated setup.py egg_info --egg-base ../build/day1_pubsub build --build-base /ws/ros2_ws/src/build/day1_pubsub/build install --record /ws/ros2_ws/src/build/day1_pubsub/install.log --single-version-externally-managed install_data
[0.376s] running egg_info
[0.376s] creating ../build/day1_pubsub/day1_pubsub.egg-info
[0.377s] writing ../build/day1_pubsub/day1_pubsub.egg-info/PKG-INFO
[0.377s] writing dependency_links to ../build/day1_pubsub/day1_pubsub.egg-info/dependency_links.txt
[0.378s] writing entry points to ../build/day1_pubsub/day1_pubsub.egg-info/entry_points.txt
[0.379s] writing requirements to ../build/day1_pubsub/day1_pubsub.egg-info/requires.txt
[0.379s] writing top-level names to ../build/day1_pubsub/day1_pubsub.egg-info/top_level.txt
[0.380s] writing manifest file '../build/day1_pubsub/day1_pubsub.egg-info/SOURCES.txt'
[0.382s] reading manifest file '../build/day1_pubsub/day1_pubsub.egg-info/SOURCES.txt'
[0.383s] writing manifest file '../build/day1_pubsub/day1_pubsub.egg-info/SOURCES.txt'
[0.384s] running build
[0.385s] running build_py
[0.385s] creating /ws/ros2_ws/src/build/day1_pubsub/build
[0.386s] creating /ws/ros2_ws/src/build/day1_pubsub/build/lib
[0.386s] creating /ws/ros2_ws/src/build/day1_pubsub/build/lib/day1_pubsub
[0.386s] copying day1_pubsub/talker.py -> /ws/ros2_ws/src/build/day1_pubsub/build/lib/day1_pubsub
[0.388s] copying day1_pubsub/__init__.py -> /ws/ros2_ws/src/build/day1_pubsub/build/lib/day1_pubsub
[0.388s] copying day1_pubsub/listener.py -> /ws/ros2_ws/src/build/day1_pubsub/build/lib/day1_pubsub
[0.389s] running install
[0.389s] running install_lib
[0.390s] creating /ws/ros2_ws/src/install/day1_pubsub/lib/python3.10/site-packages/day1_pubsub
[0.390s] copying /ws/ros2_ws/src/build/day1_pubsub/build/lib/day1_pubsub/talker.py -> /ws/ros2_ws/src/install/day1_pubsub/lib/python3.10/site-packages/day1_pubsub
[0.391s] copying /ws/ros2_ws/src/build/day1_pubsub/build/lib/day1_pubsub/__init__.py -> /ws/ros2_ws/src/install/day1_pubsub/lib/python3.10/site-packages/day1_pubsub
[0.391s] copying /ws/ros2_ws/src/build/day1_pubsub/build/lib/day1_pubsub/listener.py -> /ws/ros2_ws/src/install/day1_pubsub/lib/python3.10/site-packages/day1_pubsub
[0.393s] byte-compiling /ws/ros2_ws/src/install/day1_pubsub/lib/python3.10/site-packages/day1_pubsub/talker.py to talker.cpython-310.pyc
[0.394s] byte-compiling /ws/ros2_ws/src/install/day1_pubsub/lib/python3.10/site-packages/day1_pubsub/__init__.py to __init__.cpython-310.pyc
[0.395s] byte-compiling /ws/ros2_ws/src/install/day1_pubsub/lib/python3.10/site-packages/day1_pubsub/listener.py to listener.cpython-310.pyc
[0.397s] running install_data
[0.398s] creating /ws/ros2_ws/src/install/day1_pubsub/share/ament_index
[0.398s] creating /ws/ros2_ws/src/install/day1_pubsub/share/ament_index/resource_index
[0.400s] creating /ws/ros2_ws/src/install/day1_pubsub/share/ament_index/resource_index/packages
[0.401s] copying resource/day1_pubsub -> /ws/ros2_ws/src/install/day1_pubsub/share/ament_index/resource_index/packages
[0.403s] copying package.xml -> /ws/ros2_ws/src/install/day1_pubsub/share/day1_pubsub
[0.404s] running install_egg_info
[0.404s] Copying ../build/day1_pubsub/day1_pubsub.egg-info to /ws/ros2_ws/src/install/day1_pubsub/lib/python3.10/site-packages/day1_pubsub-0.0.0-py3.10.egg-info
[0.410s] running install_scripts
[0.418s] Installing listener script to /ws/ros2_ws/src/install/day1_pubsub/lib/day1_pubsub
[0.422s] Installing talker script to /ws/ros2_ws/src/install/day1_pubsub/lib/day1_pubsub
[0.432s] writing list of installed files to '/ws/ros2_ws/src/build/day1_pubsub/install.log'
[0.449s] Invoked command in '/ws/ros2_ws/src/day1_pubsub' returned '0': PYTHONPATH=/ws/ros2_ws/src/build/day1_pubsub/prefix_override:/usr/lib/python3/dist-packages/colcon_core/task/python/colcon_distutils_commands:/ws/ros2_ws/src/install/day1_pubsub/lib/python3.10/site-packages:${PYTHONPATH} /usr/bin/python3 -W ignore:setup.py install is deprecated -W ignore:easy_install command is deprecated setup.py egg_info --egg-base ../build/day1_pubsub build --build-base /ws/ros2_ws/src/build/day1_pubsub/build install --record /ws/ros2_ws/src/build/day1_pubsub/install.log --single-version-externally-managed install_data
