running egg_info
creating ../../build/day1_pubsub/day1_pubsub.egg-info
writing ../../build/day1_pubsub/day1_pubsub.egg-info/PKG-INFO
writing dependency_links to ../../build/day1_pubsub/day1_pubsub.egg-info/dependency_links.txt
writing entry points to ../../build/day1_pubsub/day1_pubsub.egg-info/entry_points.txt
writing requirements to ../../build/day1_pubsub/day1_pubsub.egg-info/requires.txt
writing top-level names to ../../build/day1_pubsub/day1_pubsub.egg-info/top_level.txt
writing manifest file '../../build/day1_pubsub/day1_pubsub.egg-info/SOURCES.txt'
reading manifest file '../../build/day1_pubsub/day1_pubsub.egg-info/SOURCES.txt'
writing manifest file '../../build/day1_pubsub/day1_pubsub.egg-info/SOURCES.txt'
running build
running build_py
creating /ws/ros2_ws/build/day1_pubsub/build
creating /ws/ros2_ws/build/day1_pubsub/build/lib
creating /ws/ros2_ws/build/day1_pubsub/build/lib/day1_pubsub
copying day1_pubsub/talker.py -> /ws/ros2_ws/build/day1_pubsub/build/lib/day1_pubsub
copying day1_pubsub/__init__.py -> /ws/ros2_ws/build/day1_pubsub/build/lib/day1_pubsub
copying day1_pubsub/listener.py -> /ws/ros2_ws/build/day1_pubsub/build/lib/day1_pubsub
running install
running install_lib
creating /ws/ros2_ws/install/day1_pubsub/lib/python3.10/site-packages/day1_pubsub
copying /ws/ros2_ws/build/day1_pubsub/build/lib/day1_pubsub/talker.py -> /ws/ros2_ws/install/day1_pubsub/lib/python3.10/site-packages/day1_pubsub
copying /ws/ros2_ws/build/day1_pubsub/build/lib/day1_pubsub/__init__.py -> /ws/ros2_ws/install/day1_pubsub/lib/python3.10/site-packages/day1_pubsub
copying /ws/ros2_ws/build/day1_pubsub/build/lib/day1_pubsub/listener.py -> /ws/ros2_ws/install/day1_pubsub/lib/python3.10/site-packages/day1_pubsub
byte-compiling /ws/ros2_ws/install/day1_pubsub/lib/python3.10/site-packages/day1_pubsub/talker.py to talker.cpython-310.pyc
byte-compiling /ws/ros2_ws/install/day1_pubsub/lib/python3.10/site-packages/day1_pubsub/__init__.py to __init__.cpython-310.pyc
byte-compiling /ws/ros2_ws/install/day1_pubsub/lib/python3.10/site-packages/day1_pubsub/listener.py to listener.cpython-310.pyc
running install_data
creating /ws/ros2_ws/install/day1_pubsub/share/ament_index
creating /ws/ros2_ws/install/day1_pubsub/share/ament_index/resource_index
creating /ws/ros2_ws/install/day1_pubsub/share/ament_index/resource_index/packages
copying resource/day1_pubsub -> /ws/ros2_ws/install/day1_pubsub/share/ament_index/resource_index/packages
copying package.xml -> /ws/ros2_ws/install/day1_pubsub/share/day1_pubsub
running install_egg_info
Copying ../../build/day1_pubsub/day1_pubsub.egg-info to /ws/ros2_ws/install/day1_pubsub/lib/python3.10/site-packages/day1_pubsub-0.0.0-py3.10.egg-info
running install_scripts
Installing listener script to /ws/ros2_ws/install/day1_pubsub/lib/day1_pubsub
Installing talker script to /ws/ros2_ws/install/day1_pubsub/lib/day1_pubsub
writing list of installed files to '/ws/ros2_ws/build/day1_pubsub/install.log'
