[0.287s] Invoking command in '/ws/ros2_ws/build/day1_pubsub': PYTHONPATH=/ws/ros2_ws/build/day1_pubsub/prefix_override:/usr/lib/python3/dist-packages/colcon_core/task/python/colcon_distutils_commands:/ws/ros2_ws/install/day1_pubsub/lib/python3.10/site-packages:${PYTHONPATH} /usr/bin/python3 -W ignore:setup.py install is deprecated -W ignore:easy_install command is deprecated setup.py develop --uninstall --editable --build-directory /ws/ros2_ws/build/day1_pubsub/build
[0.384s] running develop
[0.437s] Removing /ws/ros2_ws/install/day1_pubsub/lib/python3.10/site-packages/day1-pubsub.egg-link (link to .)
[0.449s] Invoked command in '/ws/ros2_ws/build/day1_pubsub' returned '0': PYTHONPATH=/ws/ros2_ws/build/day1_pubsub/prefix_override:/usr/lib/python3/dist-packages/colcon_core/task/python/colcon_distutils_commands:/ws/ros2_ws/install/day1_pubsub/lib/python3.10/site-packages:${PYTHONPATH} /usr/bin/python3 -W ignore:setup.py install is deprecated -W ignore:easy_install command is deprecated setup.py develop --uninstall --editable --build-directory /ws/ros2_ws/build/day1_pubsub/build
[0.450s] Invoking command in '/ws/ros2_ws/src/day1_pubsub': PYTHONPATH=/ws/ros2_ws/build/day1_pubsub/prefix_override:/usr/lib/python3/dist-packages/colcon_core/task/python/colcon_distutils_commands:/ws/ros2_ws/install/day1_pubsub/lib/python3.10/site-packages:${PYTHONPATH} /usr/bin/python3 -W ignore:setup.py install is deprecated -W ignore:easy_install command is deprecated setup.py egg_info --egg-base ../../build/day1_pubsub build --build-base /ws/ros2_ws/build/day1_pubsub/build install --record /ws/ros2_ws/build/day1_pubsub/install.log --single-version-externally-managed install_data --force
[0.543s] running egg_info
[0.543s] writing ../../build/day1_pubsub/day1_pubsub.egg-info/PKG-INFO
[0.544s] writing dependency_links to ../../build/day1_pubsub/day1_pubsub.egg-info/dependency_links.txt
[0.544s] writing entry points to ../../build/day1_pubsub/day1_pubsub.egg-info/entry_points.txt
[0.545s] writing requirements to ../../build/day1_pubsub/day1_pubsub.egg-info/requires.txt
[0.545s] writing top-level names to ../../build/day1_pubsub/day1_pubsub.egg-info/top_level.txt
[0.548s] reading manifest file '../../build/day1_pubsub/day1_pubsub.egg-info/SOURCES.txt'
[0.549s] writing manifest file '../../build/day1_pubsub/day1_pubsub.egg-info/SOURCES.txt'
[0.549s] running build
[0.550s] running build_py
[0.550s] running install
[0.551s] running install_lib
[0.551s] creating /ws/ros2_ws/install/day1_pubsub/lib/python3.10/site-packages/day1_pubsub
[0.552s] copying /ws/ros2_ws/build/day1_pubsub/build/lib/day1_pubsub/talker.py -> /ws/ros2_ws/install/day1_pubsub/lib/python3.10/site-packages/day1_pubsub
[0.553s] copying /ws/ros2_ws/build/day1_pubsub/build/lib/day1_pubsub/__init__.py -> /ws/ros2_ws/install/day1_pubsub/lib/python3.10/site-packages/day1_pubsub
[0.554s] copying /ws/ros2_ws/build/day1_pubsub/build/lib/day1_pubsub/listener.py -> /ws/ros2_ws/install/day1_pubsub/lib/python3.10/site-packages/day1_pubsub
[0.556s] byte-compiling /ws/ros2_ws/install/day1_pubsub/lib/python3.10/site-packages/day1_pubsub/talker.py to talker.cpython-310.pyc
[0.558s] byte-compiling /ws/ros2_ws/install/day1_pubsub/lib/python3.10/site-packages/day1_pubsub/__init__.py to __init__.cpython-310.pyc
[0.558s] byte-compiling /ws/ros2_ws/install/day1_pubsub/lib/python3.10/site-packages/day1_pubsub/listener.py to listener.cpython-310.pyc
[0.560s] running install_data
[0.560s] copying resource/day1_pubsub -> /ws/ros2_ws/install/day1_pubsub/share/ament_index/resource_index/packages
[0.561s] copying package.xml -> /ws/ros2_ws/install/day1_pubsub/share/day1_pubsub
[0.563s] running install_egg_info
[0.563s] Copying ../../build/day1_pubsub/day1_pubsub.egg-info to /ws/ros2_ws/install/day1_pubsub/lib/python3.10/site-packages/day1_pubsub-0.0.0-py3.10.egg-info
[0.568s] running install_scripts
[0.575s] Installing listener script to /ws/ros2_ws/install/day1_pubsub/lib/day1_pubsub
[0.576s] Installing talker script to /ws/ros2_ws/install/day1_pubsub/lib/day1_pubsub
[0.576s] writing list of installed files to '/ws/ros2_ws/build/day1_pubsub/install.log'
[0.586s] Invoked command in '/ws/ros2_ws/src/day1_pubsub' returned '0': PYTHONPATH=/ws/ros2_ws/build/day1_pubsub/prefix_override:/usr/lib/python3/dist-packages/colcon_core/task/python/colcon_distutils_commands:/ws/ros2_ws/install/day1_pubsub/lib/python3.10/site-packages:${PYTHONPATH} /usr/bin/python3 -W ignore:setup.py install is deprecated -W ignore:easy_install command is deprecated setup.py egg_info --egg-base ../../build/day1_pubsub build --build-base /ws/ros2_ws/build/day1_pubsub/build install --record /ws/ros2_ws/build/day1_pubsub/install.log --single-version-externally-managed install_data --force
