running egg_info
writing ../../build/day1_pubsub/day1_pubsub.egg-info/PKG-INFO
writing dependency_links to ../../build/day1_pubsub/day1_pubsub.egg-info/dependency_links.txt
writing entry points to ../../build/day1_pubsub/day1_pubsub.egg-info/entry_points.txt
writing requirements to ../../build/day1_pubsub/day1_pubsub.egg-info/requires.txt
writing top-level names to ../../build/day1_pubsub/day1_pubsub.egg-info/top_level.txt
reading manifest file '../../build/day1_pubsub/day1_pubsub.egg-info/SOURCES.txt'
writing manifest file '../../build/day1_pubsub/day1_pubsub.egg-info/SOURCES.txt'
running build
running build_py
running install
running install_lib
running install_data
running install_egg_info
removing '/ws/ros2_ws/install/day1_pubsub/lib/python3.10/site-packages/day1_pubsub-0.0.0-py3.10.egg-info' (and everything under it)
Copying ../../build/day1_pubsub/day1_pubsub.egg-info to /ws/ros2_ws/install/day1_pubsub/lib/python3.10/site-packages/day1_pubsub-0.0.0-py3.10.egg-info
running install_scripts
Installing listener script to /ws/ros2_ws/install/day1_pubsub/lib/day1_pubsub
Installing talker script to /ws/ros2_ws/install/day1_pubsub/lib/day1_pubsub
writing list of installed files to '/ws/ros2_ws/build/day1_pubsub/install.log'
