[0.229s] Invoking command in '/ws/ros2_ws/src/day1_pubsub': PYTHONPATH=/ws/ros2_ws/build/day1_pubsub/prefix_override:/usr/lib/python3/dist-packages/colcon_core/task/python/colcon_distutils_commands:/ws/ros2_ws/install/day1_pubsub/lib/python3.10/site-packages: /usr/bin/python3 -W ignore:setup.py install is deprecated -W ignore:easy_install command is deprecated setup.py egg_info --egg-base ../../build/day1_pubsub build --build-base /ws/ros2_ws/build/day1_pubsub/build install --record /ws/ros2_ws/build/day1_pubsub/install.log --single-version-externally-managed install_data
[0.297s] running egg_info
[0.297s] writing ../../build/day1_pubsub/day1_pubsub.egg-info/PKG-INFO
[0.299s] writing dependency_links to ../../build/day1_pubsub/day1_pubsub.egg-info/dependency_links.txt
[0.300s] writing entry points to ../../build/day1_pubsub/day1_pubsub.egg-info/entry_points.txt
[0.300s] writing requirements to ../../build/day1_pubsub/day1_pubsub.egg-info/requires.txt
[0.301s] writing top-level names to ../../build/day1_pubsub/day1_pubsub.egg-info/top_level.txt
[0.303s] reading manifest file '../../build/day1_pubsub/day1_pubsub.egg-info/SOURCES.txt'
[0.304s] writing manifest file '../../build/day1_pubsub/day1_pubsub.egg-info/SOURCES.txt'
[0.304s] running build
[0.304s] running build_py
[0.305s] running install
[0.305s] running install_lib
[0.308s] running install_data
[0.308s] running install_egg_info
[0.308s] removing '/ws/ros2_ws/install/day1_pubsub/lib/python3.10/site-packages/day1_pubsub-0.0.0-py3.10.egg-info' (and everything under it)
[0.310s] Copying ../../build/day1_pubsub/day1_pubsub.egg-info to /ws/ros2_ws/install/day1_pubsub/lib/python3.10/site-packages/day1_pubsub-0.0.0-py3.10.egg-info
[0.318s] running install_scripts
[0.330s] Installing listener script to /ws/ros2_ws/install/day1_pubsub/lib/day1_pubsub
[0.330s] Installing talker script to /ws/ros2_ws/install/day1_pubsub/lib/day1_pubsub
[0.331s] writing list of installed files to '/ws/ros2_ws/build/day1_pubsub/install.log'
[0.343s] Invoked command in '/ws/ros2_ws/src/day1_pubsub' returned '0': PYTHONPATH=/ws/ros2_ws/build/day1_pubsub/prefix_override:/usr/lib/python3/dist-packages/colcon_core/task/python/colcon_distutils_commands:/ws/ros2_ws/install/day1_pubsub/lib/python3.10/site-packages: /usr/bin/python3 -W ignore:setup.py install is deprecated -W ignore:easy_install command is deprecated setup.py egg_info --egg-base ../../build/day1_pubsub build --build-base /ws/ros2_ws/build/day1_pubsub/build install --record /ws/ros2_ws/build/day1_pubsub/install.log --single-version-externally-managed install_data
