[0.042s] [34mcolcon[0m [1;30mDEBUG[0m [32mCommand line arguments: ['/usr/bin/colcon', 'build', '--symlink-install'][0m
[0.042s] [34mcolcon[0m [1;30mDEBUG[0m [32mParsed command line arguments: Namespace(log_base=None, log_level=None, verb_name='build', build_base='build', install_base='install', merge_install=False, symlink_install=True, test_result_base=None, continue_on_error=False, executor='parallel', parallel_workers=14, event_handlers=None, ignore_user_meta=False, metas=['./colcon.meta'], base_paths=['.'], packages_ignore=None, packages_ignore_regex=None, paths=None, packages_up_to=None, packages_up_to_regex=None, packages_above=None, packages_above_and_dependencies=None, packages_above_depth=None, packages_select_by_dep=None, packages_skip_by_dep=None, packages_skip_up_to=None, packages_select_build_failed=False, packages_skip_build_finished=False, packages_select_test_failures=False, packages_skip_test_passed=False, packages_select=None, packages_skip=None, packages_select_regex=None, packages_skip_regex=None, packages_start=None, packages_end=None, cmake_args=None, cmake_target=None, cmake_target_skip_unavailable=False, cmake_clean_cache=False, cmake_clean_first=False, cmake_force_configure=False, ament_cmake_args=None, catkin_cmake_args=None, catkin_skip_building_tests=False, mixin_files=None, mixin=None, verb_parser=<colcon_mixin.mixin.mixin_argument.MixinArgumentDecorator object at 0xffffbd013f10>, verb_extension=<colcon_core.verb.build.BuildVerb object at 0xffffbd1f4eb0>, main=<bound method BuildVerb.main of <colcon_core.verb.build.BuildVerb object at 0xffffbd1f4eb0>>, mixin_verb=('build',))[0m
[0.076s] [34mcolcon.colcon_core.package_discovery[0m [1;30mLevel 1[0m discover_packages(colcon_meta) check parameters
[0.077s] [34mcolcon.colcon_metadata.package_discovery.colcon_meta[0m [1;30mINFO[0m Using configuration from '/root/.colcon/metadata/default/Gazebo.meta'
[0.077s] [34mcolcon.colcon_metadata.package_discovery.colcon_meta[0m [1;30mINFO[0m Using configuration from '/root/.colcon/metadata/default/fastdds.meta'
[0.077s] [34mcolcon.colcon_metadata.package_discovery.colcon_meta[0m [1;30mINFO[0m Using configuration from '/root/.colcon/metadata/default/fastrtps.meta'
[0.077s] [34mcolcon.colcon_core.package_discovery[0m [1;30mLevel 1[0m discover_packages(recursive) check parameters
[0.077s] [34mcolcon.colcon_core.package_discovery[0m [1;30mLevel 1[0m discover_packages(ignore) check parameters
[0.077s] [34mcolcon.colcon_core.package_discovery[0m [1;30mLevel 1[0m discover_packages(path) check parameters
[0.077s] [34mcolcon.colcon_core.package_discovery[0m [1;30mLevel 1[0m discover_packages(colcon_meta) discover
[0.077s] [34mcolcon.colcon_core.package_discovery[0m [1;30mLevel 1[0m discover_packages(recursive) discover
[0.077s] [34mcolcon.colcon_core.package_discovery[0m [1;30mINFO[0m Crawling recursively for packages in '/ws/ros2_ws'
[0.078s] [34mcolcon.colcon_core.package_identification[0m [1;30mLevel 1[0m _identify(.) by extensions ['ignore', 'ignore_ament_install']
[0.078s] [34mcolcon.colcon_core.package_identification[0m [1;30mLevel 1[0m _identify(.) by extension 'ignore'
[0.078s] [34mcolcon.colcon_core.package_identification[0m [1;30mLevel 1[0m _identify(.) by extension 'ignore_ament_install'
[0.078s] [34mcolcon.colcon_core.package_identification[0m [1;30mLevel 1[0m _identify(.) by extensions ['colcon_pkg']
[0.078s] [34mcolcon.colcon_core.package_identification[0m [1;30mLevel 1[0m _identify(.) by extension 'colcon_pkg'
[0.078s] [34mcolcon.colcon_core.package_identification[0m [1;30mLevel 1[0m _identify(.) by extensions ['colcon_meta']
[0.078s] [34mcolcon.colcon_core.package_identification[0m [1;30mLevel 1[0m _identify(.) by extension 'colcon_meta'
[0.078s] [34mcolcon.colcon_core.package_identification[0m [1;30mLevel 1[0m _identify(.) by extensions ['ros']
[0.078s] [34mcolcon.colcon_core.package_identification[0m [1;30mLevel 1[0m _identify(.) by extension 'ros'
[0.082s] [34mcolcon.colcon_core.package_identification[0m [1;30mLevel 1[0m _identify(.) by extensions ['cmake', 'python']
[0.083s] [34mcolcon.colcon_core.package_identification[0m [1;30mLevel 1[0m _identify(.) by extension 'cmake'
[0.083s] [34mcolcon.colcon_core.package_identification[0m [1;30mLevel 1[0m _identify(.) by extension 'python'
[0.083s] [34mcolcon.colcon_core.package_identification[0m [1;30mLevel 1[0m _identify(.) by extensions ['python_setup_py']
[0.083s] [34mcolcon.colcon_core.package_identification[0m [1;30mLevel 1[0m _identify(.) by extension 'python_setup_py'
[0.083s] [34mcolcon.colcon_core.package_identification[0m [1;30mLevel 1[0m _identify(build) by extensions ['ignore', 'ignore_ament_install']
[0.083s] [34mcolcon.colcon_core.package_identification[0m [1;30mLevel 1[0m _identify(build) by extension 'ignore'
[0.083s] [34mcolcon.colcon_core.package_identification[0m [1;30mLevel 1[0m _identify(build) ignored
[0.083s] [34mcolcon.colcon_core.package_identification[0m [1;30mLevel 1[0m _identify(install) by extensions ['ignore', 'ignore_ament_install']
[0.084s] [34mcolcon.colcon_core.package_identification[0m [1;30mLevel 1[0m _identify(install) by extension 'ignore'
[0.084s] [34mcolcon.colcon_core.package_identification[0m [1;30mLevel 1[0m _identify(install) ignored
[0.084s] [34mcolcon.colcon_core.package_identification[0m [1;30mLevel 1[0m _identify(log) by extensions ['ignore', 'ignore_ament_install']
[0.084s] [34mcolcon.colcon_core.package_identification[0m [1;30mLevel 1[0m _identify(log) by extension 'ignore'
[0.084s] [34mcolcon.colcon_core.package_identification[0m [1;30mLevel 1[0m _identify(log) ignored
[0.085s] [34mcolcon.colcon_core.package_identification[0m [1;30mLevel 1[0m _identify(src) by extensions ['ignore', 'ignore_ament_install']
[0.085s] [34mcolcon.colcon_core.package_identification[0m [1;30mLevel 1[0m _identify(src) by extension 'ignore'
[0.085s] [34mcolcon.colcon_core.package_identification[0m [1;30mLevel 1[0m _identify(src) by extension 'ignore_ament_install'
[0.085s] [34mcolcon.colcon_core.package_identification[0m [1;30mLevel 1[0m _identify(src) by extensions ['colcon_pkg']
[0.085s] [34mcolcon.colcon_core.package_identification[0m [1;30mLevel 1[0m _identify(src) by extension 'colcon_pkg'
[0.085s] [34mcolcon.colcon_core.package_identification[0m [1;30mLevel 1[0m _identify(src) by extensions ['colcon_meta']
[0.085s] [34mcolcon.colcon_core.package_identification[0m [1;30mLevel 1[0m _identify(src) by extension 'colcon_meta'
[0.085s] [34mcolcon.colcon_core.package_identification[0m [1;30mLevel 1[0m _identify(src) by extensions ['ros']
[0.085s] [34mcolcon.colcon_core.package_identification[0m [1;30mLevel 1[0m _identify(src) by extension 'ros'
[0.085s] [34mcolcon.colcon_core.package_identification[0m [1;30mLevel 1[0m _identify(src) by extensions ['cmake', 'python']
[0.085s] [34mcolcon.colcon_core.package_identification[0m [1;30mLevel 1[0m _identify(src) by extension 'cmake'
[0.085s] [34mcolcon.colcon_core.package_identification[0m [1;30mLevel 1[0m _identify(src) by extension 'python'
[0.086s] [34mcolcon.colcon_core.package_identification[0m [1;30mLevel 1[0m _identify(src) by extensions ['python_setup_py']
[0.086s] [34mcolcon.colcon_core.package_identification[0m [1;30mLevel 1[0m _identify(src) by extension 'python_setup_py'
[0.086s] [34mcolcon.colcon_core.package_identification[0m [1;30mLevel 1[0m _identify(src/build) by extensions ['ignore', 'ignore_ament_install']
[0.086s] [34mcolcon.colcon_core.package_identification[0m [1;30mLevel 1[0m _identify(src/build) by extension 'ignore'
[0.086s] [34mcolcon.colcon_core.package_identification[0m [1;30mLevel 1[0m _identify(src/build) ignored
[0.086s] [34mcolcon.colcon_core.package_identification[0m [1;30mLevel 1[0m _identify(src/day1_pubsub) by extensions ['ignore', 'ignore_ament_install']
[0.086s] [34mcolcon.colcon_core.package_identification[0m [1;30mLevel 1[0m _identify(src/day1_pubsub) by extension 'ignore'
[0.086s] [34mcolcon.colcon_core.package_identification[0m [1;30mLevel 1[0m _identify(src/day1_pubsub) by extension 'ignore_ament_install'
[0.087s] [34mcolcon.colcon_core.package_identification[0m [1;30mLevel 1[0m _identify(src/day1_pubsub) by extensions ['colcon_pkg']
[0.087s] [34mcolcon.colcon_core.package_identification[0m [1;30mLevel 1[0m _identify(src/day1_pubsub) by extension 'colcon_pkg'
[0.087s] [34mcolcon.colcon_core.package_identification[0m [1;30mLevel 1[0m _identify(src/day1_pubsub) by extensions ['colcon_meta']
[0.087s] [34mcolcon.colcon_core.package_identification[0m [1;30mLevel 1[0m _identify(src/day1_pubsub) by extension 'colcon_meta'
[0.087s] [34mcolcon.colcon_core.package_identification[0m [1;30mLevel 1[0m _identify(src/day1_pubsub) by extensions ['ros']
[0.087s] [34mcolcon.colcon_core.package_identification[0m [1;30mLevel 1[0m _identify(src/day1_pubsub) by extension 'ros'
[0.088s] [34mcolcon.colcon_core.package_identification[0m [1;30mDEBUG[0m [32mPackage 'src/day1_pubsub' with type 'ros.ament_python' and name 'day1_pubsub'[0m
[0.088s] [34mcolcon.colcon_core.package_identification[0m [1;30mLevel 1[0m _identify(src/day2_multimodal) by extensions ['ignore', 'ignore_ament_install']
[0.088s] [34mcolcon.colcon_core.package_identification[0m [1;30mLevel 1[0m _identify(src/day2_multimodal) by extension 'ignore'
[0.088s] [34mcolcon.colcon_core.package_identification[0m [1;30mLevel 1[0m _identify(src/day2_multimodal) by extension 'ignore_ament_install'
[0.089s] [34mcolcon.colcon_core.package_identification[0m [1;30mLevel 1[0m _identify(src/day2_multimodal) by extensions ['colcon_pkg']
[0.089s] [34mcolcon.colcon_core.package_identification[0m [1;30mLevel 1[0m _identify(src/day2_multimodal) by extension 'colcon_pkg'
[0.089s] [34mcolcon.colcon_core.package_identification[0m [1;30mLevel 1[0m _identify(src/day2_multimodal) by extensions ['colcon_meta']
[0.089s] [34mcolcon.colcon_core.package_identification[0m [1;30mLevel 1[0m _identify(src/day2_multimodal) by extension 'colcon_meta'
[0.089s] [34mcolcon.colcon_core.package_identification[0m [1;30mLevel 1[0m _identify(src/day2_multimodal) by extensions ['ros']
[0.089s] [34mcolcon.colcon_core.package_identification[0m [1;30mLevel 1[0m _identify(src/day2_multimodal) by extension 'ros'
[0.089s] [34mcolcon.colcon_core.package_identification[0m [1;30mDEBUG[0m [32mPackage 'src/day2_multimodal' with type 'ros.ament_python' and name 'day2_multimodal'[0m
[0.090s] [34mcolcon.colcon_core.package_identification[0m [1;30mLevel 1[0m _identify(src/install) by extensions ['ignore', 'ignore_ament_install']
[0.090s] [34mcolcon.colcon_core.package_identification[0m [1;30mLevel 1[0m _identify(src/install) by extension 'ignore'
[0.090s] [34mcolcon.colcon_core.package_identification[0m [1;30mLevel 1[0m _identify(src/install) ignored
[0.090s] [34mcolcon.colcon_core.package_identification[0m [1;30mLevel 1[0m _identify(src/log) by extensions ['ignore', 'ignore_ament_install']
[0.090s] [34mcolcon.colcon_core.package_identification[0m [1;30mLevel 1[0m _identify(src/log) by extension 'ignore'
[0.090s] [34mcolcon.colcon_core.package_identification[0m [1;30mLevel 1[0m _identify(src/log) ignored
[0.090s] [34mcolcon.colcon_core.package_discovery[0m [1;30mLevel 1[0m discover_packages(recursive) using defaults
[0.090s] [34mcolcon.colcon_core.package_discovery[0m [1;30mLevel 1[0m discover_packages(ignore) discover
[0.090s] [34mcolcon.colcon_core.package_discovery[0m [1;30mLevel 1[0m discover_packages(ignore) using defaults
[0.090s] [34mcolcon.colcon_core.package_discovery[0m [1;30mLevel 1[0m discover_packages(path) discover
[0.090s] [34mcolcon.colcon_core.package_discovery[0m [1;30mLevel 1[0m discover_packages(path) using defaults
[0.096s] [34mcolcon.colcon_core.verb[0m [1;30mLevel 5[0m set package 'day1_pubsub' build argument 'cmake_args' from command line to 'None'
[0.096s] [34mcolcon.colcon_core.verb[0m [1;30mLevel 5[0m set package 'day1_pubsub' build argument 'cmake_target' from command line to 'None'
[0.096s] [34mcolcon.colcon_core.verb[0m [1;30mLevel 5[0m set package 'day1_pubsub' build argument 'cmake_target_skip_unavailable' from command line to 'False'
[0.096s] [34mcolcon.colcon_core.verb[0m [1;30mLevel 5[0m set package 'day1_pubsub' build argument 'cmake_clean_cache' from command line to 'False'
[0.096s] [34mcolcon.colcon_core.verb[0m [1;30mLevel 5[0m set package 'day1_pubsub' build argument 'cmake_clean_first' from command line to 'False'
[0.096s] [34mcolcon.colcon_core.verb[0m [1;30mLevel 5[0m set package 'day1_pubsub' build argument 'cmake_force_configure' from command line to 'False'
[0.096s] [34mcolcon.colcon_core.verb[0m [1;30mLevel 5[0m set package 'day1_pubsub' build argument 'ament_cmake_args' from command line to 'None'
[0.097s] [34mcolcon.colcon_core.verb[0m [1;30mLevel 5[0m set package 'day1_pubsub' build argument 'catkin_cmake_args' from command line to 'None'
[0.097s] [34mcolcon.colcon_core.verb[0m [1;30mLevel 5[0m set package 'day1_pubsub' build argument 'catkin_skip_building_tests' from command line to 'False'
[0.097s] [34mcolcon.colcon_core.verb[0m [1;30mDEBUG[0m [32mBuilding package 'day1_pubsub' with the following arguments: {'ament_cmake_args': None, 'build_base': '/ws/ros2_ws/build/day1_pubsub', 'catkin_cmake_args': None, 'catkin_skip_building_tests': False, 'cmake_args': None, 'cmake_clean_cache': False, 'cmake_clean_first': False, 'cmake_force_configure': False, 'cmake_target': None, 'cmake_target_skip_unavailable': False, 'install_base': '/ws/ros2_ws/install/day1_pubsub', 'merge_install': False, 'path': '/ws/ros2_ws/src/day1_pubsub', 'symlink_install': True, 'test_result_base': None}[0m
[0.097s] [34mcolcon.colcon_core.verb[0m [1;30mLevel 5[0m set package 'day2_multimodal' build argument 'cmake_args' from command line to 'None'
[0.097s] [34mcolcon.colcon_core.verb[0m [1;30mLevel 5[0m set package 'day2_multimodal' build argument 'cmake_target' from command line to 'None'
[0.097s] [34mcolcon.colcon_core.verb[0m [1;30mLevel 5[0m set package 'day2_multimodal' build argument 'cmake_target_skip_unavailable' from command line to 'False'
[0.097s] [34mcolcon.colcon_core.verb[0m [1;30mLevel 5[0m set package 'day2_multimodal' build argument 'cmake_clean_cache' from command line to 'False'
[0.097s] [34mcolcon.colcon_core.verb[0m [1;30mLevel 5[0m set package 'day2_multimodal' build argument 'cmake_clean_first' from command line to 'False'
[0.097s] [34mcolcon.colcon_core.verb[0m [1;30mLevel 5[0m set package 'day2_multimodal' build argument 'cmake_force_configure' from command line to 'False'
[0.097s] [34mcolcon.colcon_core.verb[0m [1;30mLevel 5[0m set package 'day2_multimodal' build argument 'ament_cmake_args' from command line to 'None'
[0.097s] [34mcolcon.colcon_core.verb[0m [1;30mLevel 5[0m set package 'day2_multimodal' build argument 'catkin_cmake_args' from command line to 'None'
[0.097s] [34mcolcon.colcon_core.verb[0m [1;30mLevel 5[0m set package 'day2_multimodal' build argument 'catkin_skip_building_tests' from command line to 'False'
[0.097s] [34mcolcon.colcon_core.verb[0m [1;30mDEBUG[0m [32mBuilding package 'day2_multimodal' with the following arguments: {'ament_cmake_args': None, 'build_base': '/ws/ros2_ws/build/day2_multimodal', 'catkin_cmake_args': None, 'catkin_skip_building_tests': False, 'cmake_args': None, 'cmake_clean_cache': False, 'cmake_clean_first': False, 'cmake_force_configure': False, 'cmake_target': None, 'cmake_target_skip_unavailable': False, 'install_base': '/ws/ros2_ws/install/day2_multimodal', 'merge_install': False, 'path': '/ws/ros2_ws/src/day2_multimodal', 'symlink_install': True, 'test_result_base': None}[0m
[0.097s] [34mcolcon.colcon_core.executor[0m [1;30mINFO[0m Executing jobs using 'parallel' executor
[0.098s] [34mcolcon.colcon_parallel_executor.executor.parallel[0m [1;30mDEBUG[0m [32mrun_until_complete[0m
[0.098s] [34mcolcon.colcon_ros.task.ament_python.build[0m [1;30mINFO[0m Building ROS package in '/ws/ros2_ws/src/day1_pubsub' with build type 'ament_python'
[0.098s] [34mcolcon.colcon_core.shell[0m [1;30mLevel 1[0m create_environment_hook('day1_pubsub', 'ament_prefix_path')
[0.099s] [34mcolcon.colcon_core.plugin_system[0m [1;30mINFO[0m Skipping extension 'colcon_core.shell.bat': Not used on non-Windows systems
[0.099s] [34mcolcon.colcon_core.shell[0m [1;30mINFO[0m Creating environment hook '/ws/ros2_ws/install/day1_pubsub/share/day1_pubsub/hook/ament_prefix_path.ps1'
[0.100s] [34mcolcon.colcon_core.shell[0m [1;30mINFO[0m Creating environment descriptor '/ws/ros2_ws/install/day1_pubsub/share/day1_pubsub/hook/ament_prefix_path.dsv'
[0.100s] [34mcolcon.colcon_core.shell[0m [1;30mINFO[0m Creating environment hook '/ws/ros2_ws/install/day1_pubsub/share/day1_pubsub/hook/ament_prefix_path.sh'
[0.101s] [34mcolcon.colcon_core.shell[0m [1;30mINFO[0m Skip shell extension 'powershell' for command environment: Not usable outside of PowerShell
[0.101s] [34mcolcon.colcon_core.shell[0m [1;30mDEBUG[0m [32mSkip shell extension 'dsv' for command environment[0m
[0.103s] [34mcolcon.colcon_ros.task.ament_python.build[0m [1;30mINFO[0m Building ROS package in '/ws/ros2_ws/src/day2_multimodal' with build type 'ament_python'
[0.103s] [34mcolcon.colcon_core.shell[0m [1;30mLevel 1[0m create_environment_hook('day2_multimodal', 'ament_prefix_path')
[0.103s] [34mcolcon.colcon_core.shell[0m [1;30mINFO[0m Creating environment hook '/ws/ros2_ws/install/day2_multimodal/share/day2_multimodal/hook/ament_prefix_path.ps1'
[0.103s] [34mcolcon.colcon_core.shell[0m [1;30mINFO[0m Creating environment descriptor '/ws/ros2_ws/install/day2_multimodal/share/day2_multimodal/hook/ament_prefix_path.dsv'
[0.104s] [34mcolcon.colcon_core.shell[0m [1;30mINFO[0m Creating environment hook '/ws/ros2_ws/install/day2_multimodal/share/day2_multimodal/hook/ament_prefix_path.sh'
[0.104s] [34mcolcon.colcon_core.shell[0m [1;30mINFO[0m Skip shell extension 'powershell' for command environment: Not usable outside of PowerShell
[0.104s] [34mcolcon.colcon_core.shell[0m [1;30mDEBUG[0m [32mSkip shell extension 'dsv' for command environment[0m
[0.175s] [34mcolcon.colcon_core.task.python.build[0m [1;30mINFO[0m Building Python package in '/ws/ros2_ws/src/day1_pubsub'
[0.175s] [34mcolcon.colcon_core.shell[0m [1;30mINFO[0m Skip shell extension 'powershell' for command environment: Not usable outside of PowerShell
[0.175s] [34mcolcon.colcon_core.shell[0m [1;30mDEBUG[0m [32mSkip shell extension 'dsv' for command environment[0m
[0.247s] [34mcolcon.colcon_core.task.python.build[0m [1;30mINFO[0m Building Python package in '/ws/ros2_ws/src/day2_multimodal'
[0.247s] [34mcolcon.colcon_core.shell[0m [1;30mINFO[0m Skip shell extension 'powershell' for command environment: Not usable outside of PowerShell
[0.247s] [34mcolcon.colcon_core.shell[0m [1;30mDEBUG[0m [32mSkip shell extension 'dsv' for command environment[0m
[0.367s] [34mcolcon.colcon_core.event_handler.log_command[0m [1;30mDEBUG[0m [32mInvoking command in '/ws/ros2_ws/build/day1_pubsub': PYTHONPATH=/ws/ros2_ws/build/day1_pubsub/prefix_override:/usr/lib/python3/dist-packages/colcon_core/task/python/colcon_distutils_commands:/ws/ros2_ws/install/day1_pubsub/lib/python3.10/site-packages:${PYTHONPATH} /usr/bin/python3 -W ignore:setup.py install is deprecated -W ignore:easy_install command is deprecated setup.py develop --editable --build-directory /ws/ros2_ws/build/day1_pubsub/build --no-deps symlink_data[0m
[0.380s] [34mcolcon.colcon_core.event_handler.log_command[0m [1;30mDEBUG[0m [32mInvoking command in '/ws/ros2_ws/build/day2_multimodal': PYTHONPATH=/ws/ros2_ws/build/day2_multimodal/prefix_override:/usr/lib/python3/dist-packages/colcon_core/task/python/colcon_distutils_commands:/ws/ros2_ws/install/day2_multimodal/lib/python3.10/site-packages:${PYTHONPATH} /usr/bin/python3 -W ignore:setup.py install is deprecated -W ignore:easy_install command is deprecated setup.py develop --editable --build-directory /ws/ros2_ws/build/day2_multimodal/build --no-deps symlink_data[0m
[0.521s] [34mcolcon.colcon_core.shell[0m [1;30mLevel 1[0m create_environment_hook('day1_pubsub', 'pythonpath_develop')
[0.521s] [34mcolcon.colcon_core.shell[0m [1;30mINFO[0m Creating environment hook '/ws/ros2_ws/build/day1_pubsub/share/day1_pubsub/hook/pythonpath_develop.ps1'
[0.521s] [34mcolcon.colcon_core.event_handler.log_command[0m [1;30mDEBUG[0m [32mInvoked command in '/ws/ros2_ws/build/day1_pubsub' returned '0': PYTHONPATH=/ws/ros2_ws/build/day1_pubsub/prefix_override:/usr/lib/python3/dist-packages/colcon_core/task/python/colcon_distutils_commands:/ws/ros2_ws/install/day1_pubsub/lib/python3.10/site-packages:${PYTHONPATH} /usr/bin/python3 -W ignore:setup.py install is deprecated -W ignore:easy_install command is deprecated setup.py develop --editable --build-directory /ws/ros2_ws/build/day1_pubsub/build --no-deps symlink_data[0m
[0.523s] [34mcolcon.colcon_core.shell[0m [1;30mINFO[0m Creating environment descriptor '/ws/ros2_ws/build/day1_pubsub/share/day1_pubsub/hook/pythonpath_develop.dsv'
[0.523s] [34mcolcon.colcon_core.shell[0m [1;30mINFO[0m Creating environment hook '/ws/ros2_ws/build/day1_pubsub/share/day1_pubsub/hook/pythonpath_develop.sh'
[0.525s] [34mcolcon.colcon_core.environment[0m [1;30mLevel 1[0m checking '/ws/ros2_ws/install/day1_pubsub' for CMake module files
[0.527s] [34mcolcon.colcon_core.environment[0m [1;30mLevel 1[0m checking '/ws/ros2_ws/install/day1_pubsub' for CMake config files
[0.529s] [34mcolcon.colcon_core.environment[0m [1;30mLevel 1[0m checking '/ws/ros2_ws/install/day1_pubsub/lib'
[0.529s] [34mcolcon.colcon_core.environment[0m [1;30mLevel 1[0m checking '/ws/ros2_ws/install/day1_pubsub/bin'
[0.530s] [34mcolcon.colcon_core.environment[0m [1;30mLevel 1[0m checking '/ws/ros2_ws/install/day1_pubsub/lib/pkgconfig/day1_pubsub.pc'
[0.530s] [34mcolcon.colcon_core.environment[0m [1;30mLevel 1[0m checking '/ws/ros2_ws/install/day1_pubsub/lib/python3.10/site-packages'
[0.530s] [34mcolcon.colcon_core.shell[0m [1;30mLevel 1[0m create_environment_hook('day1_pubsub', 'pythonpath')
[0.530s] [34mcolcon.colcon_core.shell[0m [1;30mINFO[0m Creating environment hook '/ws/ros2_ws/install/day1_pubsub/share/day1_pubsub/hook/pythonpath.ps1'
[0.530s] [34mcolcon.colcon_core.shell[0m [1;30mINFO[0m Creating environment descriptor '/ws/ros2_ws/install/day1_pubsub/share/day1_pubsub/hook/pythonpath.dsv'
[0.531s] [34mcolcon.colcon_core.shell[0m [1;30mINFO[0m Creating environment hook '/ws/ros2_ws/install/day1_pubsub/share/day1_pubsub/hook/pythonpath.sh'
[0.531s] [34mcolcon.colcon_core.environment[0m [1;30mLevel 1[0m checking '/ws/ros2_ws/install/day1_pubsub/bin'
[0.531s] [34mcolcon.colcon_core.environment[0m [1;30mLevel 1[0m create_environment_scripts_only(day1_pubsub)
[0.531s] [34mcolcon.colcon_core.shell[0m [1;30mINFO[0m Creating package script '/ws/ros2_ws/install/day1_pubsub/share/day1_pubsub/package.ps1'
[0.532s] [34mcolcon.colcon_core.shell[0m [1;30mINFO[0m Creating package descriptor '/ws/ros2_ws/install/day1_pubsub/share/day1_pubsub/package.dsv'
[0.532s] [34mcolcon.colcon_core.shell[0m [1;30mINFO[0m Creating package script '/ws/ros2_ws/install/day1_pubsub/share/day1_pubsub/package.sh'
[0.533s] [34mcolcon.colcon_core.shell[0m [1;30mINFO[0m Creating package script '/ws/ros2_ws/install/day1_pubsub/share/day1_pubsub/package.bash'
[0.533s] [34mcolcon.colcon_core.shell[0m [1;30mINFO[0m Creating package script '/ws/ros2_ws/install/day1_pubsub/share/day1_pubsub/package.zsh'
[0.534s] [34mcolcon.colcon_core.environment[0m [1;30mLevel 1[0m create_file_with_runtime_dependencies(/ws/ros2_ws/install/day1_pubsub/share/colcon-core/packages/day1_pubsub)
[0.539s] [34mcolcon.colcon_core.shell[0m [1;30mLevel 1[0m create_environment_hook('day2_multimodal', 'pythonpath_develop')
[0.539s] [34mcolcon.colcon_core.shell[0m [1;30mINFO[0m Creating environment hook '/ws/ros2_ws/build/day2_multimodal/share/day2_multimodal/hook/pythonpath_develop.ps1'
[0.539s] [34mcolcon.colcon_core.event_handler.log_command[0m [1;30mDEBUG[0m [32mInvoked command in '/ws/ros2_ws/build/day2_multimodal' returned '0': PYTHONPATH=/ws/ros2_ws/build/day2_multimodal/prefix_override:/usr/lib/python3/dist-packages/colcon_core/task/python/colcon_distutils_commands:/ws/ros2_ws/install/day2_multimodal/lib/python3.10/site-packages:${PYTHONPATH} /usr/bin/python3 -W ignore:setup.py install is deprecated -W ignore:easy_install command is deprecated setup.py develop --editable --build-directory /ws/ros2_ws/build/day2_multimodal/build --no-deps symlink_data[0m
[0.540s] [34mcolcon.colcon_core.shell[0m [1;30mINFO[0m Creating environment descriptor '/ws/ros2_ws/build/day2_multimodal/share/day2_multimodal/hook/pythonpath_develop.dsv'
[0.540s] [34mcolcon.colcon_core.shell[0m [1;30mINFO[0m Creating environment hook '/ws/ros2_ws/build/day2_multimodal/share/day2_multimodal/hook/pythonpath_develop.sh'
[0.540s] [34mcolcon.colcon_core.environment[0m [1;30mLevel 1[0m checking '/ws/ros2_ws/install/day2_multimodal' for CMake module files
[0.542s] [34mcolcon.colcon_core.environment[0m [1;30mLevel 1[0m checking '/ws/ros2_ws/install/day2_multimodal' for CMake config files
[0.544s] [34mcolcon.colcon_core.environment[0m [1;30mLevel 1[0m checking '/ws/ros2_ws/install/day2_multimodal/lib'
[0.544s] [34mcolcon.colcon_core.environment[0m [1;30mLevel 1[0m checking '/ws/ros2_ws/install/day2_multimodal/bin'
[0.544s] [34mcolcon.colcon_core.environment[0m [1;30mLevel 1[0m checking '/ws/ros2_ws/install/day2_multimodal/lib/pkgconfig/day2_multimodal.pc'
[0.544s] [34mcolcon.colcon_core.environment[0m [1;30mLevel 1[0m checking '/ws/ros2_ws/install/day2_multimodal/lib/python3.10/site-packages'
[0.544s] [34mcolcon.colcon_core.shell[0m [1;30mLevel 1[0m create_environment_hook('day2_multimodal', 'pythonpath')
[0.544s] [34mcolcon.colcon_core.shell[0m [1;30mINFO[0m Creating environment hook '/ws/ros2_ws/install/day2_multimodal/share/day2_multimodal/hook/pythonpath.ps1'
[0.545s] [34mcolcon.colcon_core.shell[0m [1;30mINFO[0m Creating environment descriptor '/ws/ros2_ws/install/day2_multimodal/share/day2_multimodal/hook/pythonpath.dsv'
[0.545s] [34mcolcon.colcon_core.shell[0m [1;30mINFO[0m Creating environment hook '/ws/ros2_ws/install/day2_multimodal/share/day2_multimodal/hook/pythonpath.sh'
[0.545s] [34mcolcon.colcon_core.environment[0m [1;30mLevel 1[0m checking '/ws/ros2_ws/install/day2_multimodal/bin'
[0.545s] [34mcolcon.colcon_core.environment[0m [1;30mLevel 1[0m create_environment_scripts_only(day2_multimodal)
[0.546s] [34mcolcon.colcon_core.shell[0m [1;30mINFO[0m Creating package script '/ws/ros2_ws/install/day2_multimodal/share/day2_multimodal/package.ps1'
[0.546s] [34mcolcon.colcon_core.shell[0m [1;30mINFO[0m Creating package descriptor '/ws/ros2_ws/install/day2_multimodal/share/day2_multimodal/package.dsv'
[0.546s] [34mcolcon.colcon_core.shell[0m [1;30mINFO[0m Creating package script '/ws/ros2_ws/install/day2_multimodal/share/day2_multimodal/package.sh'
[0.546s] [34mcolcon.colcon_core.shell[0m [1;30mINFO[0m Creating package script '/ws/ros2_ws/install/day2_multimodal/share/day2_multimodal/package.bash'
[0.547s] [34mcolcon.colcon_core.shell[0m [1;30mINFO[0m Creating package script '/ws/ros2_ws/install/day2_multimodal/share/day2_multimodal/package.zsh'
[0.547s] [34mcolcon.colcon_core.environment[0m [1;30mLevel 1[0m create_file_with_runtime_dependencies(/ws/ros2_ws/install/day2_multimodal/share/colcon-core/packages/day2_multimodal)
[0.547s] [34mcolcon.colcon_parallel_executor.executor.parallel[0m [1;30mDEBUG[0m [32mclosing loop[0m
[0.547s] [34mcolcon.colcon_parallel_executor.executor.parallel[0m [1;30mDEBUG[0m [32mloop closed[0m
[0.547s] [34mcolcon.colcon_parallel_executor.executor.parallel[0m [1;30mDEBUG[0m [32mrun_until_complete finished with '0'[0m
[0.548s] [34mcolcon.colcon_core.event_reactor[0m [1;30mDEBUG[0m [32mjoining thread[0m
[0.550s] [34mcolcon.colcon_core.plugin_system[0m [1;30mINFO[0m Skipping extension 'colcon_notification.desktop_notification.notify_send': Could not find 'notify-send'
[0.550s] [34mcolcon.colcon_core.plugin_system[0m [1;30mINFO[0m Skipping extension 'colcon_notification.desktop_notification.terminal_notifier': Not used on non-Darwin systems
[0.550s] [34mcolcon.colcon_core.plugin_system[0m [1;30mINFO[0m Skipping extension 'colcon_notification.desktop_notification.win32': Not used on non-Windows systems
[0.550s] [34mcolcon.colcon_notification.desktop_notification[0m [1;30mINFO[0m Sending desktop notification using 'notify2'
[0.550s] [34mcolcon.colcon_notification.desktop_notification.notify2[0m [1;30mDEBUG[0m [32mFailed to initialize notify2: org.freedesktop.DBus.Error.NotSupported: Unable to autolaunch a dbus-daemon without a $DISPLAY for X11[0m
[0.551s] [34mcolcon.colcon_core.event_reactor[0m [1;30mDEBUG[0m [32mjoined thread[0m
[0.551s] [34mcolcon.colcon_core.shell[0m [1;30mINFO[0m Creating prefix script '/ws/ros2_ws/install/local_setup.ps1'
[0.551s] [34mcolcon.colcon_core.shell[0m [1;30mINFO[0m Creating prefix util module '/ws/ros2_ws/install/_local_setup_util_ps1.py'
[0.552s] [34mcolcon.colcon_core.shell[0m [1;30mINFO[0m Creating prefix chain script '/ws/ros2_ws/install/setup.ps1'
[0.552s] [34mcolcon.colcon_core.shell[0m [1;30mINFO[0m Creating prefix script '/ws/ros2_ws/install/local_setup.sh'
[0.553s] [34mcolcon.colcon_core.shell[0m [1;30mINFO[0m Creating prefix util module '/ws/ros2_ws/install/_local_setup_util_sh.py'
[0.553s] [34mcolcon.colcon_core.shell[0m [1;30mINFO[0m Creating prefix chain script '/ws/ros2_ws/install/setup.sh'
[0.553s] [34mcolcon.colcon_core.shell[0m [1;30mINFO[0m Creating prefix script '/ws/ros2_ws/install/local_setup.bash'
[0.554s] [34mcolcon.colcon_core.shell[0m [1;30mINFO[0m Creating prefix chain script '/ws/ros2_ws/install/setup.bash'
[0.554s] [34mcolcon.colcon_core.shell[0m [1;30mINFO[0m Creating prefix script '/ws/ros2_ws/install/local_setup.zsh'
[0.555s] [34mcolcon.colcon_core.shell[0m [1;30mINFO[0m Creating prefix chain script '/ws/ros2_ws/install/setup.zsh'
