running develop
Removing /ws/ros2_ws/install/day2_multimodal/lib/python3.10/site-packages/day2-multimodal.egg-link (link to .)
running egg_info
writing ../../build/day2_multimodal/day2_multimodal.egg-info/PKG-INFO
writing dependency_links to ../../build/day2_multimodal/day2_multimodal.egg-info/dependency_links.txt
writing entry points to ../../build/day2_multimodal/day2_multimodal.egg-info/entry_points.txt
writing requirements to ../../build/day2_multimodal/day2_multimodal.egg-info/requires.txt
writing top-level names to ../../build/day2_multimodal/day2_multimodal.egg-info/top_level.txt
reading manifest file '../../build/day2_multimodal/day2_multimodal.egg-info/SOURCES.txt'
writing manifest file '../../build/day2_multimodal/day2_multimodal.egg-info/SOURCES.txt'
running build
running build_py
running install
running install_lib
creating /ws/ros2_ws/install/day2_multimodal/lib/python3.10/site-packages/day2_multimodal
copying /ws/ros2_ws/build/day2_multimodal/build/lib/day2_multimodal/camera_pub.py -> /ws/ros2_ws/install/day2_multimodal/lib/python3.10/site-packages/day2_multimodal
copying /ws/ros2_ws/build/day2_multimodal/build/lib/day2_multimodal/kinematics_pub.py -> /ws/ros2_ws/install/day2_multimodal/lib/python3.10/site-packages/day2_multimodal
copying /ws/ros2_ws/build/day2_multimodal/build/lib/day2_multimodal/__init__.py -> /ws/ros2_ws/install/day2_multimodal/lib/python3.10/site-packages/day2_multimodal
copying /ws/ros2_ws/build/day2_multimodal/build/lib/day2_multimodal/sync_monitor.py -> /ws/ros2_ws/install/day2_multimodal/lib/python3.10/site-packages/day2_multimodal
byte-compiling /ws/ros2_ws/install/day2_multimodal/lib/python3.10/site-packages/day2_multimodal/camera_pub.py to camera_pub.cpython-310.pyc
byte-compiling /ws/ros2_ws/install/day2_multimodal/lib/python3.10/site-packages/day2_multimodal/kinematics_pub.py to kinematics_pub.cpython-310.pyc
byte-compiling /ws/ros2_ws/install/day2_multimodal/lib/python3.10/site-packages/day2_multimodal/__init__.py to __init__.cpython-310.pyc
byte-compiling /ws/ros2_ws/install/day2_multimodal/lib/python3.10/site-packages/day2_multimodal/sync_monitor.py to sync_monitor.cpython-310.pyc
running install_data
copying resource/day2_multimodal -> /ws/ros2_ws/install/day2_multimodal/share/ament_index/resource_index/packages
copying package.xml -> /ws/ros2_ws/install/day2_multimodal/share/day2_multimodal
running install_egg_info
Copying ../../build/day2_multimodal/day2_multimodal.egg-info to /ws/ros2_ws/install/day2_multimodal/lib/python3.10/site-packages/day2_multimodal-0.0.0-py3.10.egg-info
running install_scripts
Installing camera_pub script to /ws/ros2_ws/install/day2_multimodal/lib/day2_multimodal
Installing kinematics_pub script to /ws/ros2_ws/install/day2_multimodal/lib/day2_multimodal
Installing sync_monitor script to /ws/ros2_ws/install/day2_multimodal/lib/day2_multimodal
writing list of installed files to '/ws/ros2_ws/build/day2_multimodal/install.log'
