[0.280s] Invoking command in '/ws/ros2_ws/build/day2_multimodal': PYTHONPATH=/ws/ros2_ws/build/day2_multimodal/prefix_override:/usr/lib/python3/dist-packages/colcon_core/task/python/colcon_distutils_commands:/ws/ros2_ws/install/day2_multimodal/lib/python3.10/site-packages:${PYTHONPATH} /usr/bin/python3 -W ignore:setup.py install is deprecated -W ignore:easy_install command is deprecated setup.py develop --uninstall --editable --build-directory /ws/ros2_ws/build/day2_multimodal/build
[0.353s] running develop
[0.393s] Removing /ws/ros2_ws/install/day2_multimodal/lib/python3.10/site-packages/day2-multimodal.egg-link (link to .)
[0.404s] Invoked command in '/ws/ros2_ws/build/day2_multimodal' returned '0': PYTHONPATH=/ws/ros2_ws/build/day2_multimodal/prefix_override:/usr/lib/python3/dist-packages/colcon_core/task/python/colcon_distutils_commands:/ws/ros2_ws/install/day2_multimodal/lib/python3.10/site-packages:${PYTHONPATH} /usr/bin/python3 -W ignore:setup.py install is deprecated -W ignore:easy_install command is deprecated setup.py develop --uninstall --editable --build-directory /ws/ros2_ws/build/day2_multimodal/build
[0.405s] Invoking command in '/ws/ros2_ws/src/day2_multimodal': PYTHONPATH=/ws/ros2_ws/build/day2_multimodal/prefix_override:/usr/lib/python3/dist-packages/colcon_core/task/python/colcon_distutils_commands:/ws/ros2_ws/install/day2_multimodal/lib/python3.10/site-packages:${PYTHONPATH} /usr/bin/python3 -W ignore:setup.py install is deprecated -W ignore:easy_install command is deprecated setup.py egg_info --egg-base ../../build/day2_multimodal build --build-base /ws/ros2_ws/build/day2_multimodal/build install --record /ws/ros2_ws/build/day2_multimodal/install.log --single-version-externally-managed install_data --force
[0.489s] running egg_info
[0.490s] writing ../../build/day2_multimodal/day2_multimodal.egg-info/PKG-INFO
[0.490s] writing dependency_links to ../../build/day2_multimodal/day2_multimodal.egg-info/dependency_links.txt
[0.490s] writing entry points to ../../build/day2_multimodal/day2_multimodal.egg-info/entry_points.txt
[0.491s] writing requirements to ../../build/day2_multimodal/day2_multimodal.egg-info/requires.txt
[0.491s] writing top-level names to ../../build/day2_multimodal/day2_multimodal.egg-info/top_level.txt
[0.493s] reading manifest file '../../build/day2_multimodal/day2_multimodal.egg-info/SOURCES.txt'
[0.494s] writing manifest file '../../build/day2_multimodal/day2_multimodal.egg-info/SOURCES.txt'
[0.495s] running build
[0.495s] running build_py
[0.496s] running install
[0.496s] running install_lib
[0.496s] creating /ws/ros2_ws/install/day2_multimodal/lib/python3.10/site-packages/day2_multimodal
[0.497s] copying /ws/ros2_ws/build/day2_multimodal/build/lib/day2_multimodal/camera_pub.py -> /ws/ros2_ws/install/day2_multimodal/lib/python3.10/site-packages/day2_multimodal
[0.497s] copying /ws/ros2_ws/build/day2_multimodal/build/lib/day2_multimodal/kinematics_pub.py -> /ws/ros2_ws/install/day2_multimodal/lib/python3.10/site-packages/day2_multimodal
[0.498s] copying /ws/ros2_ws/build/day2_multimodal/build/lib/day2_multimodal/__init__.py -> /ws/ros2_ws/install/day2_multimodal/lib/python3.10/site-packages/day2_multimodal
[0.499s] copying /ws/ros2_ws/build/day2_multimodal/build/lib/day2_multimodal/sync_monitor.py -> /ws/ros2_ws/install/day2_multimodal/lib/python3.10/site-packages/day2_multimodal
[0.500s] byte-compiling /ws/ros2_ws/install/day2_multimodal/lib/python3.10/site-packages/day2_multimodal/camera_pub.py to camera_pub.cpython-310.pyc
[0.501s] byte-compiling /ws/ros2_ws/install/day2_multimodal/lib/python3.10/site-packages/day2_multimodal/kinematics_pub.py to kinematics_pub.cpython-310.pyc
[0.502s] byte-compiling /ws/ros2_ws/install/day2_multimodal/lib/python3.10/site-packages/day2_multimodal/__init__.py to __init__.cpython-310.pyc
[0.503s] byte-compiling /ws/ros2_ws/install/day2_multimodal/lib/python3.10/site-packages/day2_multimodal/sync_monitor.py to sync_monitor.cpython-310.pyc
[0.504s] running install_data
[0.504s] copying resource/day2_multimodal -> /ws/ros2_ws/install/day2_multimodal/share/ament_index/resource_index/packages
[0.504s] copying package.xml -> /ws/ros2_ws/install/day2_multimodal/share/day2_multimodal
[0.506s] running install_egg_info
[0.507s] Copying ../../build/day2_multimodal/day2_multimodal.egg-info to /ws/ros2_ws/install/day2_multimodal/lib/python3.10/site-packages/day2_multimodal-0.0.0-py3.10.egg-info
[0.512s] running install_scripts
[0.520s] Installing camera_pub script to /ws/ros2_ws/install/day2_multimodal/lib/day2_multimodal
[0.520s] Installing kinematics_pub script to /ws/ros2_ws/install/day2_multimodal/lib/day2_multimodal
[0.521s] Installing sync_monitor script to /ws/ros2_ws/install/day2_multimodal/lib/day2_multimodal
[0.521s] writing list of installed files to '/ws/ros2_ws/build/day2_multimodal/install.log'
[0.532s] Invoked command in '/ws/ros2_ws/src/day2_multimodal' returned '0': PYTHONPATH=/ws/ros2_ws/build/day2_multimodal/prefix_override:/usr/lib/python3/dist-packages/colcon_core/task/python/colcon_distutils_commands:/ws/ros2_ws/install/day2_multimodal/lib/python3.10/site-packages:${PYTHONPATH} /usr/bin/python3 -W ignore:setup.py install is deprecated -W ignore:easy_install command is deprecated setup.py egg_info --egg-base ../../build/day2_multimodal build --build-base /ws/ros2_ws/build/day2_multimodal/build install --record /ws/ros2_ws/build/day2_multimodal/install.log --single-version-externally-managed install_data --force
