[0.170s] Invoking command in '/ws/ros2_ws/build/day1_pubsub': PYTHONPATH=/ws/ros2_ws/build/day1_pubsub/prefix_override:/usr/lib/python3/dist-packages/colcon_core/task/python/colcon_distutils_commands:/ws/ros2_ws/install/day1_pubsub/lib/python3.10/site-packages:${PYTHONPATH} /usr/bin/python3 -W ignore:setup.py install is deprecated -W ignore:easy_install command is deprecated setup.py develop --uninstall --editable --build-directory /ws/ros2_ws/build/day1_pubsub/build
[0.240s] running develop
[0.270s] Removing /ws/ros2_ws/install/day1_pubsub/lib/python3.10/site-packages/day1-pubsub.egg-link (link to .)
[0.279s] Invoked command in '/ws/ros2_ws/build/day1_pubsub' returned '0': PYTHONPATH=/ws/ros2_ws/build/day1_pubsub/prefix_override:/usr/lib/python3/dist-packages/colcon_core/task/python/colcon_distutils_commands:/ws/ros2_ws/install/day1_pubsub/lib/python3.10/site-packages:${PYTHONPATH} /usr/bin/python3 -W ignore:setup.py install is deprecated -W ignore:easy_install command is deprecated setup.py develop --uninstall --editable --build-directory /ws/ros2_ws/build/day1_pubsub/build
[0.280s] Invoking command in '/ws/ros2_ws/src/day1_pubsub': PYTHONPATH=/ws/ros2_ws/build/day1_pubsub/prefix_override:/usr/lib/python3/dist-packages/colcon_core/task/python/colcon_distutils_commands:/ws/ros2_ws/install/day1_pubsub/lib/python3.10/site-packages:${PYTHONPATH} /usr/bin/python3 -W ignore:setup.py install is deprecated -W ignore:easy_install command is deprecated setup.py egg_info --egg-base ../../build/day1_pubsub build --build-base /ws/ros2_ws/build/day1_pubsub/build install --record /ws/ros2_ws/build/day1_pubsub/install.log --single-version-externally-managed install_data --force
[0.341s] running egg_info
[0.342s] writing ../../build/day1_pubsub/day1_pubsub.egg-info/PKG-INFO
[0.342s] writing dependency_links to ../../build/day1_pubsub/day1_pubsub.egg-info/dependency_links.txt
[0.342s] writing entry points to ../../build/day1_pubsub/day1_pubsub.egg-info/entry_points.txt
[0.343s] writing requirements to ../../build/day1_pubsub/day1_pubsub.egg-info/requires.txt
[0.343s] writing top-level names to ../../build/day1_pubsub/day1_pubsub.egg-info/top_level.txt
[0.345s] reading manifest file '../../build/day1_pubsub/day1_pubsub.egg-info/SOURCES.txt'
[0.346s] writing manifest file '../../build/day1_pubsub/day1_pubsub.egg-info/SOURCES.txt'
[0.346s] running build
[0.346s] running build_py
[0.346s] copying day1_pubsub/talker.py -> /ws/ros2_ws/build/day1_pubsub/build/lib/day1_pubsub
[0.347s] copying day1_pubsub/listener.py -> /ws/ros2_ws/build/day1_pubsub/build/lib/day1_pubsub
[0.348s] running install
[0.349s] running install_lib
[0.349s] creating /ws/ros2_ws/install/day1_pubsub/lib/python3.10/site-packages/day1_pubsub
[0.349s] copying /ws/ros2_ws/build/day1_pubsub/build/lib/day1_pubsub/talker.py -> /ws/ros2_ws/install/day1_pubsub/lib/python3.10/site-packages/day1_pubsub
[0.350s] copying /ws/ros2_ws/build/day1_pubsub/build/lib/day1_pubsub/__init__.py -> /ws/ros2_ws/install/day1_pubsub/lib/python3.10/site-packages/day1_pubsub
[0.351s] copying /ws/ros2_ws/build/day1_pubsub/build/lib/day1_pubsub/listener.py -> /ws/ros2_ws/install/day1_pubsub/lib/python3.10/site-packages/day1_pubsub
[0.351s] byte-compiling /ws/ros2_ws/install/day1_pubsub/lib/python3.10/site-packages/day1_pubsub/talker.py to talker.cpython-310.pyc
[0.353s] byte-compiling /ws/ros2_ws/install/day1_pubsub/lib/python3.10/site-packages/day1_pubsub/__init__.py to __init__.cpython-310.pyc
[0.354s] byte-compiling /ws/ros2_ws/install/day1_pubsub/lib/python3.10/site-packages/day1_pubsub/listener.py to listener.cpython-310.pyc
[0.354s] running install_data
[0.355s] copying resource/day1_pubsub -> /ws/ros2_ws/install/day1_pubsub/share/ament_index/resource_index/packages
[0.355s] copying package.xml -> /ws/ros2_ws/install/day1_pubsub/share/day1_pubsub
[0.357s] running install_egg_info
[0.357s] Copying ../../build/day1_pubsub/day1_pubsub.egg-info to /ws/ros2_ws/install/day1_pubsub/lib/python3.10/site-packages/day1_pubsub-0.0.0-py3.10.egg-info
[0.362s] running install_scripts
[0.370s] Installing listener script to /ws/ros2_ws/install/day1_pubsub/lib/day1_pubsub
[0.370s] Installing talker script to /ws/ros2_ws/install/day1_pubsub/lib/day1_pubsub
[0.371s] writing list of installed files to '/ws/ros2_ws/build/day1_pubsub/install.log'
[0.381s] Invoked command in '/ws/ros2_ws/src/day1_pubsub' returned '0': PYTHONPATH=/ws/ros2_ws/build/day1_pubsub/prefix_override:/usr/lib/python3/dist-packages/colcon_core/task/python/colcon_distutils_commands:/ws/ros2_ws/install/day1_pubsub/lib/python3.10/site-packages:${PYTHONPATH} /usr/bin/python3 -W ignore:setup.py install is deprecated -W ignore:easy_install command is deprecated setup.py egg_info --egg-base ../../build/day1_pubsub build --build-base /ws/ros2_ws/build/day1_pubsub/build install --record /ws/ros2_ws/build/day1_pubsub/install.log --single-version-externally-managed install_data --force
